<?xml version="1.0" encoding="UTF-8"?>
<!-- Generated by org.testng.reporters.JUnitXMLReporter -->
<testsuite hostname="DESKTOP-4LJEO71" ignored="0" name="Default test" tests="6" failures="0" timestamp="2021-03-23T09:45:56 CDT" time="0.068" errors="0">
  <testcase name="openUrl" time="0.014" classname="Day24TestNG.DependencyTest"/>
  <testcase name="login" time="0.002" classname="Day24TestNG.DependencyTest"/>
  <testcase name="searchTest" time="0.001" classname="Day24TestNG.DependencyTest"/>
  <testcase name="advSearchTest" time="0.002" classname="Day24TestNG.DependencyTest"/>
  <testcase name="rechargeTest" time="0.001" classname="Day24TestNG.DependencyTest"/>
  <testcase name="logoutTest" time="0.001" classname="Day24TestNG.DependencyTest"/>
</testsuite> <!-- Default test -->
