<?xml version="1.0" encoding="UTF-8"?>
<!-- Generated by org.testng.reporters.JUnitXMLReporter -->
<testsuite hostname="DESKTOP-4LJEO71" ignored="0" name="Test" tests="4" failures="0" timestamp="2021-01-28T16:39:06 CST" time="16.304" errors="0">
  <testcase name="loginTest" time="4.389" classname="extendreports.LoginTest"/>
  <testcase name="adminNameTest" time="0.136" classname="extendreports.LoginTest"/>
  <testcase name="clickOnViewAllOrders" time="1.143" classname="extendreports.LoginTest"/>
  <testcase name="logOutTest" time="2.016" classname="extendreports.LoginTest"/>
</testsuite> <!-- Test -->
