<?xml version="1.0" encoding="UTF-8"?>
<!-- Generated by org.testng.reporters.JUnitXMLReporter -->
<testsuite hostname="DESKTOP-4LJEO71" ignored="0" name="ChromeTest" tests="3" failures="0" timestamp="2020-11-14T15:35:34 PST" time="13.296" errors="0">
  <testcase name="lauchingUrl" time="0.214" classname="Day25TestNG_Parameters.Parameterization"/>
  <testcase name="logoPresentTest" time="0.092" classname="Day25TestNG_Parameters.Parameterization"/>
  <testcase name="logintitleTest" time="1.253" classname="Day25TestNG_Parameters.Parameterization"/>
</testsuite> <!-- ChromeTest -->
