<?xml version="1.0" encoding="UTF-8"?>
<testng-results skipped="0" failed="0" ignored="0" total="6" passed="6">
  <reporter-output>
  </reporter-output>
  <suite name="Default suite" duration-ms="68" started-at="2021-03-23T09:45:56 CDT" finished-at="2021-03-23T09:45:56 CDT">
    <groups>
    </groups>
    <test name="Default test" duration-ms="68" started-at="2021-03-23T09:45:56 CDT" finished-at="2021-03-23T09:45:56 CDT">
      <class name="Day24TestNG.DependencyTest">
        <test-method status="PASS" signature="openUrl()[pri:1, instance:Day24TestNG.DependencyTest@3bd94634]" name="openUrl" duration-ms="14" started-at="2021-03-23T09:45:56 CDT" finished-at="2021-03-23T09:45:56 CDT">
          <reporter-output>
          </reporter-output>
        </test-method> <!-- openUrl -->
        <test-method status="PASS" signature="login()[pri:2, instance:Day24TestNG.DependencyTest@3bd94634]" name="login" duration-ms="2" started-at="2021-03-23T09:45:56 CDT" depends-on-methods="Day24TestNG.DependencyTest.openUrl" finished-at="2021-03-23T09:45:56 CDT">
          <reporter-output>
          </reporter-output>
        </test-method> <!-- login -->
        <test-method status="PASS" signature="searchTest()[pri:3, instance:Day24TestNG.DependencyTest@3bd94634]" name="searchTest" duration-ms="1" started-at="2021-03-23T09:45:56 CDT" depends-on-methods="Day24TestNG.DependencyTest.login" finished-at="2021-03-23T09:45:56 CDT">
          <reporter-output>
          </reporter-output>
        </test-method> <!-- searchTest -->
        <test-method status="PASS" signature="advSearchTest()[pri:4, instance:Day24TestNG.DependencyTest@3bd94634]" name="advSearchTest" duration-ms="2" started-at="2021-03-23T09:45:56 CDT" depends-on-methods="Day24TestNG.DependencyTest.searchTest" finished-at="2021-03-23T09:45:56 CDT">
          <reporter-output>
          </reporter-output>
        </test-method> <!-- advSearchTest -->
        <test-method status="PASS" signature="rechargeTest()[pri:5, instance:Day24TestNG.DependencyTest@3bd94634]" name="rechargeTest" duration-ms="1" started-at="2021-03-23T09:45:56 CDT" depends-on-methods="Day24TestNG.DependencyTest.login, Day24TestNG.DependencyTest.searchTest" finished-at="2021-03-23T09:45:56 CDT">
          <reporter-output>
          </reporter-output>
        </test-method> <!-- rechargeTest -->
        <test-method status="PASS" signature="logoutTest()[pri:6, instance:Day24TestNG.DependencyTest@3bd94634]" name="logoutTest" duration-ms="1" started-at="2021-03-23T09:45:56 CDT" finished-at="2021-03-23T09:45:56 CDT">
          <reporter-output>
          </reporter-output>
        </test-method> <!-- logoutTest -->
      </class> <!-- Day24TestNG.DependencyTest -->
    </test> <!-- Default test -->
  </suite> <!-- Default suite -->
</testng-results>
