<?xml version="1.0" encoding="UTF-8"?>
<!-- Generated by org.testng.reporters.JUnitXMLReporter -->
<testsuite hostname="DESKTOP-4LJEO71" ignored="9" tests="0" failures="0" timestamp="2020-11-14T12:54:34 PST" time="0.01" errors="0">
  <testcase name="loginByFacebook" time="0.0" classname="Day24TestNG.GroupingTest">
    <ignored/>
  </testcase> <!-- loginByFacebook -->
  <testcase name="signUpByEmail" time="0.0" classname="Day24TestNG.GroupingTest">
    <ignored/>
  </testcase> <!-- signUpByEmail -->
  <testcase name="paymentInRupees" time="0.0" classname="Day24TestNG.GroupingTest">
    <ignored/>
  </testcase> <!-- paymentInRupees -->
  <testcase name="signUpByTwitter" time="0.0" classname="Day24TestNG.GroupingTest">
    <ignored/>
  </testcase> <!-- signUpByTwitter -->
  <testcase name="loginByTwitter" time="0.0" classname="Day24TestNG.GroupingTest">
    <ignored/>
  </testcase> <!-- loginByTwitter -->
  <testcase name="paymentInDollars" time="0.0" classname="Day24TestNG.GroupingTest">
    <ignored/>
  </testcase> <!-- paymentInDollars -->
  <testcase name="loginByEmail" time="0.0" classname="Day24TestNG.GroupingTest">
    <ignored/>
  </testcase> <!-- loginByEmail -->
  <testcase name="signUpByFacebook" time="0.0" classname="Day24TestNG.GroupingTest">
    <ignored/>
  </testcase> <!-- signUpByFacebook -->
  <testcase name="paymentReturnByBank" time="0.0" classname="Day24TestNG.GroupingTest">
    <ignored/>
  </testcase> <!-- paymentReturnByBank -->
</testsuite>
