<?xml version="1.0" encoding="UTF-8"?>
<!-- Generated by org.testng.reporters.JUnitXMLReporter -->
<testsuite hostname="DESKTOP-4LJEO71" ignored="0" name="NopCommerce Automation test" tests="6" failures="0" timestamp="2020-11-14T12:31:47 PST" time="16.559" errors="0">
  <testcase name="setUp" time="6.7" classname="Day23_TestNGSession.NopCommerceLoginTest"/>
  <testcase name="loginTest" time="9.075" classname="Day23_TestNGSession.NopCommerceLoginTest"/>
  <testcase name="tearDown" time="0.707" classname="Day23_TestNGSession.NopCommerceLoginTest"/>
  <testcase name="setUp" time="0.004" classname="Day23_TestNGSession.First_Test"/>
  <testcase name="loginTest" time="0.001" classname="Day23_TestNGSession.First_Test"/>
  <testcase name="tearDown" time="0.0" classname="Day23_TestNGSession.First_Test"/>
</testsuite> <!-- NopCommerce Automation test -->
